<?xml version="1.0" encoding="utf-8"?>
<CoverageSession xmlns:xsd="http://www.w3.org/2001/XMLSchema" xmlns:xsi="http://www.w3.org/2001/XMLSchema-instance" Version="0.0.0.0">
  <Summary numSequencePoints="189" visitedSequencePoints="153" numBranchPoints="0" visitedBranchPoints="0" sequenceCoverage="80.95" branchCoverage="0.0" maxCyclomaticComplexity="0" minCyclomaticComplexity="0" maxCrapScore="0" minCrapScore="0" visitedClasses="8" numClasses="9" visitedMethods="31" numMethods="32" />
  <Modules>
    <Module>
      <Summary numSequencePoints="5" visitedSequencePoints="0" numBranchPoints="0" visitedBranchPoints="0" sequenceCoverage="0.0" branchCoverage="0.0" maxCyclomaticComplexity="0" minCyclomaticComplexity="0" maxCrapScore="0" minCrapScore="0" visitedClasses="0" numClasses="1" visitedMethods="0" numMethods="1" />
      <ModuleTime>0001-01-01T00:00:00</ModuleTime>
      <ModuleName>Assembly-CSharp-Editor</ModuleName>
      <Files>
        <File uid="1" fullPath="D:/Dani/Elte/2023-24-2/Szofttech/UnityProject/MapGeneration/Assets/Scripts/Editor/BuildCommand.cs" />
      </Files>
      <Classes>
        <Class>
          <Summary numSequencePoints="5" visitedSequencePoints="0" numBranchPoints="0" visitedBranchPoints="0" sequenceCoverage="0.0" branchCoverage="0.0" maxCyclomaticComplexity="0" minCyclomaticComplexity="0" maxCrapScore="0" minCrapScore="0" visitedClasses="0" numClasses="1" visitedMethods="0" numMethods="1" />
          <FullName>BuildCommand</FullName>
          <Methods>
            <Method visited="false" cyclomaticComplexity="0" nPathComplexity="0" sequenceCoverage="0.0" branchCoverage="0" crapScore="0" isConstructor="false" isStatic="true" isGetter="false" isSetter="false">
              <Summary numSequencePoints="5" visitedSequencePoints="0" numBranchPoints="0" visitedBranchPoints="0" sequenceCoverage="0.0" branchCoverage="0" maxCyclomaticComplexity="0" minCyclomaticComplexity="0" maxCrapScore="0" minCrapScore="0" visitedClasses="0" numClasses="0" visitedMethods="0" numMethods="1" />
              <MetadataToken>100663304</MetadataToken>
              <Name>static System.Boolean BuildCommand::TryConvertToEnum[TEnum](System.String, )</Name>
              <FileRef uid="1" />
              <SequencePoints>
                <SequencePoint vc="0" uspid="1132" ordinal="0" offset="0" sl="130" sc="0" el="130" ec="0" bec="0" bev="0" fileid="1" />
                <SequencePoint vc="0" uspid="1133" ordinal="0" offset="18" sl="132" sc="0" el="132" ec="0" bec="0" bev="0" fileid="1" />
                <SequencePoint vc="0" uspid="1134" ordinal="0" offset="25" sl="133" sc="0" el="133" ec="0" bec="0" bev="0" fileid="1" />
                <SequencePoint vc="0" uspid="1135" ordinal="0" offset="27" sl="136" sc="0" el="136" ec="0" bec="0" bev="0" fileid="1" />
                <SequencePoint vc="0" uspid="1136" ordinal="0" offset="54" sl="137" sc="0" el="137" ec="0" bec="0" bev="0" fileid="1" />
              </SequencePoints>
              <BranchPoints />
            </Method>
          </Methods>
        </Class>
      </Classes>
    </Module>
    <Module>
      <Summary numSequencePoints="80" visitedSequencePoints="80" numBranchPoints="0" visitedBranchPoints="0" sequenceCoverage="100.0" branchCoverage="0.0" maxCyclomaticComplexity="0" minCyclomaticComplexity="0" maxCrapScore="0" minCrapScore="0" visitedClasses="2" numClasses="2" visitedMethods="10" numMethods="10" />
      <ModuleTime>0001-01-01T00:00:00</ModuleTime>
      <ModuleName>Bomb</ModuleName>
      <Files>
        <File uid="2" fullPath="D:/Dani/Elte/2023-24-2/Szofttech/UnityProject/MapGeneration/Assets/Tests/Tests/BombTest.cs" />
        <File uid="3" fullPath="D:/Dani/Elte/2023-24-2/Szofttech/UnityProject/MapGeneration/Assets/Tests/Tests/PlayerTest.cs" />
      </Files>
      <Classes>
        <Class>
          <Summary numSequencePoints="54" visitedSequencePoints="54" numBranchPoints="0" visitedBranchPoints="0" sequenceCoverage="100.0" branchCoverage="0.0" maxCyclomaticComplexity="0" minCyclomaticComplexity="0" maxCrapScore="0" minCrapScore="0" visitedClasses="1" numClasses="1" visitedMethods="4" numMethods="4" />
          <FullName>BombTests</FullName>
          <Methods>
            <Method visited="true" cyclomaticComplexity="0" nPathComplexity="0" sequenceCoverage="100.0" branchCoverage="0" crapScore="0" isConstructor="false" isStatic="false" isGetter="false" isSetter="false">
              <Summary numSequencePoints="7" visitedSequencePoints="7" numBranchPoints="0" visitedBranchPoints="0" sequenceCoverage="100.0" branchCoverage="0" maxCyclomaticComplexity="0" minCyclomaticComplexity="0" maxCrapScore="0" minCrapScore="0" visitedClasses="0" numClasses="0" visitedMethods="1" numMethods="1" />
              <MetadataToken>100663297</MetadataToken>
              <Name>System.Void BombTests::Bomb_ExplodesProperlyAfterPlacement()</Name>
              <FileRef uid="2" />
              <SequencePoints>
                <SequencePoint vc="1" uspid="1199" ordinal="0" offset="0" sl="11" sc="9" el="11" ec="9" bec="0" bev="0" fileid="2" />
                <SequencePoint vc="1" uspid="1200" ordinal="0" offset="5" sl="12" sc="9" el="12" ec="9" bec="0" bev="0" fileid="2" />
                <SequencePoint vc="1" uspid="1201" ordinal="0" offset="10" sl="13" sc="9" el="13" ec="9" bec="0" bev="0" fileid="2" />
                <SequencePoint vc="1" uspid="1202" ordinal="0" offset="21" sl="14" sc="9" el="14" ec="9" bec="0" bev="0" fileid="2" />
                <SequencePoint vc="1" uspid="1203" ordinal="0" offset="28" sl="17" sc="9" el="17" ec="9" bec="0" bev="0" fileid="2" />
                <SequencePoint vc="1" uspid="1204" ordinal="0" offset="34" sl="18" sc="9" el="18" ec="9" bec="0" bev="0" fileid="2" />
                <SequencePoint vc="1" uspid="1205" ordinal="0" offset="47" sl="19" sc="5" el="19" ec="5" bec="0" bev="0" fileid="2" />
              </SequencePoints>
              <BranchPoints />
            </Method>
            <Method visited="true" cyclomaticComplexity="0" nPathComplexity="0" sequenceCoverage="100.0" branchCoverage="0" crapScore="0" isConstructor="false" isStatic="false" isGetter="false" isSetter="false">
              <Summary numSequencePoints="22" visitedSequencePoints="22" numBranchPoints="0" visitedBranchPoints="0" sequenceCoverage="100.0" branchCoverage="0" maxCyclomaticComplexity="0" minCyclomaticComplexity="0" maxCrapScore="0" minCrapScore="0" visitedClasses="0" numClasses="0" visitedMethods="1" numMethods="1" />
              <MetadataToken>100663298</MetadataToken>
              <Name>System.Void BombTests::Bomb_ExplodesObjectsAroundProperly()</Name>
              <FileRef uid="2" />
              <SequencePoints>
                <SequencePoint vc="1" uspid="1206" ordinal="0" offset="0" sl="25" sc="9" el="25" ec="9" bec="0" bev="0" fileid="2" />
                <SequencePoint vc="1" uspid="1207" ordinal="0" offset="5" sl="26" sc="9" el="26" ec="9" bec="0" bev="0" fileid="2" />
                <SequencePoint vc="1" uspid="1208" ordinal="0" offset="11" sl="27" sc="9" el="27" ec="9" bec="0" bev="0" fileid="2" />
                <SequencePoint vc="1" uspid="1209" ordinal="0" offset="22" sl="28" sc="9" el="28" ec="9" bec="0" bev="0" fileid="2" />
                <SequencePoint vc="1" uspid="1210" ordinal="0" offset="29" sl="29" sc="9" el="29" ec="9" bec="0" bev="0" fileid="2" />
                <SequencePoint vc="1" uspid="1211" ordinal="0" offset="41" sl="32" sc="9" el="32" ec="9" bec="0" bev="0" fileid="2" />
                <SequencePoint vc="1" uspid="1212" ordinal="0" offset="47" sl="33" sc="9" el="33" ec="9" bec="0" bev="0" fileid="2" />
                <SequencePoint vc="1" uspid="1213" ordinal="0" offset="58" sl="34" sc="9" el="34" ec="9" bec="0" bev="0" fileid="2" />
                <SequencePoint vc="1" uspid="1214" ordinal="0" offset="96" sl="35" sc="9" el="35" ec="9" bec="0" bev="0" fileid="2" />
                <SequencePoint vc="1" uspid="1215" ordinal="0" offset="102" sl="36" sc="9" el="36" ec="9" bec="0" bev="0" fileid="2" />
                <SequencePoint vc="1" uspid="1216" ordinal="0" offset="113" sl="37" sc="9" el="37" ec="9" bec="0" bev="0" fileid="2" />
                <SequencePoint vc="1" uspid="1217" ordinal="0" offset="157" sl="40" sc="9" el="40" ec="9" bec="0" bev="0" fileid="2" />
                <SequencePoint vc="1" uspid="1218" ordinal="0" offset="163" sl="41" sc="9" el="41" ec="9" bec="0" bev="0" fileid="2" />
                <SequencePoint vc="1" uspid="1219" ordinal="0" offset="186" sl="42" sc="9" el="42" ec="9" bec="0" bev="0" fileid="2" />
                <SequencePoint vc="1" uspid="1220" ordinal="0" offset="188" sl="43" sc="34" el="43" ec="34" bec="0" bev="0" fileid="2" />
                <SequencePoint vc="1" uspid="1221" ordinal="0" offset="194" sl="43" sc="18" el="43" ec="18" bec="0" bev="0" fileid="2" />
                <SequencePoint vc="1" uspid="1222" ordinal="0" offset="200" sl="45" sc="13" el="45" ec="13" bec="0" bev="0" fileid="2" />
                <SequencePoint vc="1" uspid="1223" ordinal="0" offset="228" sl="47" sc="17" el="47" ec="17" bec="0" bev="0" fileid="2" />
                <SequencePoint vc="1" uspid="1224" ordinal="0" offset="230" sl="48" sc="17" el="48" ec="17" bec="0" bev="0" fileid="2" />
                <SequencePoint vc="1" uspid="1225" ordinal="0" offset="238" sl="43" sc="31" el="43" ec="31" bec="0" bev="0" fileid="2" />
                <SequencePoint vc="1" uspid="1226" ordinal="0" offset="245" sl="51" sc="9" el="51" ec="9" bec="0" bev="0" fileid="2" />
                <SequencePoint vc="1" uspid="1227" ordinal="0" offset="261" sl="52" sc="5" el="52" ec="5" bec="0" bev="0" fileid="2" />
              </SequencePoints>
              <BranchPoints />
            </Method>
            <Method visited="true" cyclomaticComplexity="0" nPathComplexity="0" sequenceCoverage="100.0" branchCoverage="0" crapScore="0" isConstructor="false" isStatic="false" isGetter="false" isSetter="false">
              <Summary numSequencePoints="17" visitedSequencePoints="17" numBranchPoints="0" visitedBranchPoints="0" sequenceCoverage="100.0" branchCoverage="0" maxCyclomaticComplexity="0" minCyclomaticComplexity="0" maxCrapScore="0" minCrapScore="0" visitedClasses="0" numClasses="0" visitedMethods="1" numMethods="1" />
              <MetadataToken>100663299</MetadataToken>
              <Name>System.Void BombTests::DetonatableBomb_DetonatesProperly()</Name>
              <FileRef uid="2" />
              <SequencePoints>
                <SequencePoint vc="1" uspid="1228" ordinal="0" offset="0" sl="58" sc="9" el="58" ec="9" bec="0" bev="0" fileid="2" />
                <SequencePoint vc="1" uspid="1229" ordinal="0" offset="5" sl="59" sc="9" el="59" ec="9" bec="0" bev="0" fileid="2" />
                <SequencePoint vc="1" uspid="1230" ordinal="0" offset="11" sl="60" sc="9" el="60" ec="9" bec="0" bev="0" fileid="2" />
                <SequencePoint vc="1" uspid="1231" ordinal="0" offset="22" sl="61" sc="10" el="61" ec="10" bec="0" bev="0" fileid="2" />
                <SequencePoint vc="1" uspid="1232" ordinal="0" offset="29" sl="62" sc="9" el="62" ec="9" bec="0" bev="0" fileid="2" />
                <SequencePoint vc="1" uspid="1233" ordinal="0" offset="36" sl="65" sc="9" el="65" ec="9" bec="0" bev="0" fileid="2" />
                <SequencePoint vc="1" uspid="1234" ordinal="0" offset="43" sl="66" sc="9" el="66" ec="9" bec="0" bev="0" fileid="2" />
                <SequencePoint vc="1" uspid="1235" ordinal="0" offset="49" sl="69" sc="9" el="69" ec="9" bec="0" bev="0" fileid="2" />
                <SequencePoint vc="1" uspid="1236" ordinal="0" offset="72" sl="70" sc="9" el="70" ec="9" bec="0" bev="0" fileid="2" />
                <SequencePoint vc="1" uspid="1237" ordinal="0" offset="74" sl="71" sc="34" el="71" ec="34" bec="0" bev="0" fileid="2" />
                <SequencePoint vc="1" uspid="1238" ordinal="0" offset="79" sl="71" sc="18" el="71" ec="18" bec="0" bev="0" fileid="2" />
                <SequencePoint vc="1" uspid="1239" ordinal="0" offset="84" sl="73" sc="13" el="73" ec="13" bec="0" bev="0" fileid="2" />
                <SequencePoint vc="1" uspid="1240" ordinal="0" offset="112" sl="75" sc="17" el="75" ec="17" bec="0" bev="0" fileid="2" />
                <SequencePoint vc="1" uspid="1241" ordinal="0" offset="114" sl="76" sc="17" el="76" ec="17" bec="0" bev="0" fileid="2" />
                <SequencePoint vc="1" uspid="1242" ordinal="0" offset="120" sl="71" sc="31" el="71" ec="31" bec="0" bev="0" fileid="2" />
                <SequencePoint vc="1" uspid="1243" ordinal="0" offset="126" sl="79" sc="9" el="79" ec="9" bec="0" bev="0" fileid="2" />
                <SequencePoint vc="1" uspid="1244" ordinal="0" offset="142" sl="80" sc="5" el="80" ec="5" bec="0" bev="0" fileid="2" />
              </SequencePoints>
              <BranchPoints />
            </Method>
            <Method visited="true" cyclomaticComplexity="0" nPathComplexity="0" sequenceCoverage="100.0" branchCoverage="0" crapScore="0" isConstructor="false" isStatic="false" isGetter="false" isSetter="false">
              <Summary numSequencePoints="8" visitedSequencePoints="8" numBranchPoints="0" visitedBranchPoints="0" sequenceCoverage="100.0" branchCoverage="0" maxCyclomaticComplexity="0" minCyclomaticComplexity="0" maxCrapScore="0" minCrapScore="0" visitedClasses="0" numClasses="0" visitedMethods="1" numMethods="1" />
              <MetadataToken>100663300</MetadataToken>
              <Name>System.Void BombTests::Bomb_ExplosionRadiusIsCorrect()</Name>
              <FileRef uid="2" />
              <SequencePoints>
                <SequencePoint vc="1" uspid="1245" ordinal="0" offset="0" sl="86" sc="9" el="86" ec="9" bec="0" bev="0" fileid="2" />
                <SequencePoint vc="1" uspid="1246" ordinal="0" offset="5" sl="87" sc="9" el="87" ec="9" bec="0" bev="0" fileid="2" />
                <SequencePoint vc="1" uspid="1247" ordinal="0" offset="10" sl="88" sc="9" el="88" ec="9" bec="0" bev="0" fileid="2" />
                <SequencePoint vc="1" uspid="1248" ordinal="0" offset="21" sl="89" sc="9" el="89" ec="9" bec="0" bev="0" fileid="2" />
                <SequencePoint vc="1" uspid="1249" ordinal="0" offset="23" sl="92" sc="9" el="92" ec="9" bec="0" bev="0" fileid="2" />
                <SequencePoint vc="1" uspid="1250" ordinal="0" offset="30" sl="93" sc="9" el="93" ec="9" bec="0" bev="0" fileid="2" />
                <SequencePoint vc="1" uspid="1251" ordinal="0" offset="36" sl="95" sc="9" el="95" ec="9" bec="0" bev="0" fileid="2" />
                <SequencePoint vc="1" uspid="1252" ordinal="0" offset="63" sl="96" sc="5" el="96" ec="5" bec="0" bev="0" fileid="2" />
              </SequencePoints>
              <BranchPoints />
            </Method>
          </Methods>
        </Class>
        <Class>
          <Summary numSequencePoints="26" visitedSequencePoints="26" numBranchPoints="0" visitedBranchPoints="0" sequenceCoverage="100.0" branchCoverage="0.0" maxCyclomaticComplexity="0" minCyclomaticComplexity="0" maxCrapScore="0" minCrapScore="0" visitedClasses="1" numClasses="1" visitedMethods="6" numMethods="6" />
          <FullName>PlayerTest</FullName>
          <Methods>
            <Method visited="true" cyclomaticComplexity="0" nPathComplexity="0" sequenceCoverage="100.0" branchCoverage="0" crapScore="0" isConstructor="false" isStatic="false" isGetter="false" isSetter="false">
              <Summary numSequencePoints="3" visitedSequencePoints="3" numBranchPoints="0" visitedBranchPoints="0" sequenceCoverage="100.0" branchCoverage="0" maxCyclomaticComplexity="0" minCyclomaticComplexity="0" maxCrapScore="0" minCrapScore="0" visitedClasses="0" numClasses="0" visitedMethods="1" numMethods="1" />
              <MetadataToken>100663302</MetadataToken>
              <Name>System.Void PlayerTest::SetUp()</Name>
              <FileRef uid="3" />
              <SequencePoints>
                <SequencePoint vc="4" uspid="1253" ordinal="0" offset="0" sl="17" sc="9" el="17" ec="9" bec="0" bev="0" fileid="3" />
                <SequencePoint vc="4" uspid="1254" ordinal="0" offset="11" sl="18" sc="9" el="18" ec="9" bec="0" bev="0" fileid="3" />
                <SequencePoint vc="4" uspid="1255" ordinal="0" offset="28" sl="19" sc="5" el="19" ec="5" bec="0" bev="0" fileid="3" />
              </SequencePoints>
              <BranchPoints />
            </Method>
            <Method visited="true" cyclomaticComplexity="0" nPathComplexity="0" sequenceCoverage="100.0" branchCoverage="0" crapScore="0" isConstructor="false" isStatic="false" isGetter="false" isSetter="false">
              <Summary numSequencePoints="2" visitedSequencePoints="2" numBranchPoints="0" visitedBranchPoints="0" sequenceCoverage="100.0" branchCoverage="0" maxCyclomaticComplexity="0" minCyclomaticComplexity="0" maxCrapScore="0" minCrapScore="0" visitedClasses="0" numClasses="0" visitedMethods="1" numMethods="1" />
              <MetadataToken>100663303</MetadataToken>
              <Name>System.Void PlayerTest::TearDown()</Name>
              <FileRef uid="3" />
              <SequencePoints>
                <SequencePoint vc="4" uspid="1256" ordinal="0" offset="0" sl="24" sc="9" el="24" ec="9" bec="0" bev="0" fileid="3" />
                <SequencePoint vc="4" uspid="1257" ordinal="0" offset="11" sl="25" sc="5" el="25" ec="5" bec="0" bev="0" fileid="3" />
              </SequencePoints>
              <BranchPoints />
            </Method>
            <Method visited="true" cyclomaticComplexity="0" nPathComplexity="0" sequenceCoverage="100.0" branchCoverage="0" crapScore="0" isConstructor="false" isStatic="false" isGetter="false" isSetter="false">
              <Summary numSequencePoints="9" visitedSequencePoints="9" numBranchPoints="0" visitedBranchPoints="0" sequenceCoverage="100.0" branchCoverage="0" maxCyclomaticComplexity="0" minCyclomaticComplexity="0" maxCrapScore="0" minCrapScore="0" visitedClasses="0" numClasses="0" visitedMethods="1" numMethods="1" />
              <MetadataToken>100663304</MetadataToken>
              <Name>System.Void PlayerTest::PlayerSetDirection()</Name>
              <FileRef uid="3" />
              <SequencePoints>
                <SequencePoint vc="1" uspid="1258" ordinal="0" offset="0" sl="30" sc="9" el="30" ec="9" bec="0" bev="0" fileid="3" />
                <SequencePoint vc="1" uspid="1259" ordinal="0" offset="16" sl="31" sc="9" el="31" ec="9" bec="0" bev="0" fileid="3" />
                <SequencePoint vc="1" uspid="1260" ordinal="0" offset="47" sl="32" sc="9" el="32" ec="9" bec="0" bev="0" fileid="3" />
                <SequencePoint vc="1" uspid="1261" ordinal="0" offset="63" sl="33" sc="9" el="33" ec="9" bec="0" bev="0" fileid="3" />
                <SequencePoint vc="1" uspid="1262" ordinal="0" offset="94" sl="34" sc="9" el="34" ec="9" bec="0" bev="0" fileid="3" />
                <SequencePoint vc="1" uspid="1263" ordinal="0" offset="110" sl="35" sc="9" el="35" ec="9" bec="0" bev="0" fileid="3" />
                <SequencePoint vc="1" uspid="1264" ordinal="0" offset="141" sl="36" sc="9" el="36" ec="9" bec="0" bev="0" fileid="3" />
                <SequencePoint vc="1" uspid="1265" ordinal="0" offset="157" sl="37" sc="9" el="37" ec="9" bec="0" bev="0" fileid="3" />
                <SequencePoint vc="1" uspid="1266" ordinal="0" offset="188" sl="39" sc="5" el="39" ec="5" bec="0" bev="0" fileid="3" />
              </SequencePoints>
              <BranchPoints />
            </Method>
            <Method visited="true" cyclomaticComplexity="0" nPathComplexity="0" sequenceCoverage="100.0" branchCoverage="0" crapScore="0" isConstructor="false" isStatic="false" isGetter="false" isSetter="false">
              <Summary numSequencePoints="3" visitedSequencePoints="3" numBranchPoints="0" visitedBranchPoints="0" sequenceCoverage="100.0" branchCoverage="0" maxCyclomaticComplexity="0" minCyclomaticComplexity="0" maxCrapScore="0" minCrapScore="0" visitedClasses="0" numClasses="0" visitedMethods="1" numMethods="1" />
              <MetadataToken>100663305</MetadataToken>
              <Name>System.Void PlayerTest::SetInviolableTest()</Name>
              <FileRef uid="3" />
              <SequencePoints>
                <SequencePoint vc="1" uspid="1267" ordinal="0" offset="0" sl="44" sc="9" el="44" ec="9" bec="0" bev="0" fileid="3" />
                <SequencePoint vc="1" uspid="1268" ordinal="0" offset="11" sl="45" sc="9" el="45" ec="9" bec="0" bev="0" fileid="3" />
                <SequencePoint vc="1" uspid="1269" ordinal="0" offset="27" sl="46" sc="5" el="46" ec="5" bec="0" bev="0" fileid="3" />
              </SequencePoints>
              <BranchPoints />
            </Method>
            <Method visited="true" cyclomaticComplexity="0" nPathComplexity="0" sequenceCoverage="100.0" branchCoverage="0" crapScore="0" isConstructor="false" isStatic="false" isGetter="false" isSetter="false">
              <Summary numSequencePoints="6" visitedSequencePoints="6" numBranchPoints="0" visitedBranchPoints="0" sequenceCoverage="100.0" branchCoverage="0" maxCyclomaticComplexity="0" minCyclomaticComplexity="0" maxCrapScore="0" minCrapScore="0" visitedClasses="0" numClasses="0" visitedMethods="1" numMethods="1" />
              <MetadataToken>100663306</MetadataToken>
              <Name>System.Void PlayerTest::TestPlayerSpeedIncrease()</Name>
              <FileRef uid="3" />
              <SequencePoints>
                <SequencePoint vc="1" uspid="1270" ordinal="0" offset="0" sl="52" sc="9" el="52" ec="9" bec="0" bev="0" fileid="3" />
                <SequencePoint vc="1" uspid="1271" ordinal="0" offset="12" sl="53" sc="9" el="53" ec="9" bec="0" bev="0" fileid="3" />
                <SequencePoint vc="1" uspid="1272" ordinal="0" offset="23" sl="54" sc="9" el="54" ec="9" bec="0" bev="0" fileid="3" />
                <SequencePoint vc="1" uspid="1273" ordinal="0" offset="40" sl="55" sc="9" el="55" ec="9" bec="0" bev="0" fileid="3" />
                <SequencePoint vc="1" uspid="1274" ordinal="0" offset="51" sl="56" sc="9" el="56" ec="9" bec="0" bev="0" fileid="3" />
                <SequencePoint vc="1" uspid="1275" ordinal="0" offset="68" sl="58" sc="5" el="58" ec="5" bec="0" bev="0" fileid="3" />
              </SequencePoints>
              <BranchPoints />
            </Method>
            <Method visited="true" cyclomaticComplexity="0" nPathComplexity="0" sequenceCoverage="100.0" branchCoverage="0" crapScore="0" isConstructor="false" isStatic="false" isGetter="false" isSetter="false">
              <Summary numSequencePoints="3" visitedSequencePoints="3" numBranchPoints="0" visitedBranchPoints="0" sequenceCoverage="100.0" branchCoverage="0" maxCyclomaticComplexity="0" minCyclomaticComplexity="0" maxCrapScore="0" minCrapScore="0" visitedClasses="0" numClasses="0" visitedMethods="1" numMethods="1" />
              <MetadataToken>100663307</MetadataToken>
              <Name>System.Void PlayerTest::Death()</Name>
              <FileRef uid="3" />
              <SequencePoints>
                <SequencePoint vc="1" uspid="1276" ordinal="0" offset="0" sl="63" sc="9" el="63" ec="9" bec="0" bev="0" fileid="3" />
                <SequencePoint vc="1" uspid="1277" ordinal="0" offset="11" sl="64" sc="9" el="64" ec="9" bec="0" bev="0" fileid="3" />
                <SequencePoint vc="1" uspid="1278" ordinal="0" offset="27" sl="65" sc="5" el="65" ec="5" bec="0" bev="0" fileid="3" />
              </SequencePoints>
              <BranchPoints />
            </Method>
          </Methods>
        </Class>
      </Classes>
    </Module>
    <Module>
      <Summary numSequencePoints="104" visitedSequencePoints="73" numBranchPoints="0" visitedBranchPoints="0" sequenceCoverage="70.19" branchCoverage="0.0" maxCyclomaticComplexity="0" minCyclomaticComplexity="0" maxCrapScore="0" minCrapScore="0" visitedClasses="6" numClasses="6" visitedMethods="21" numMethods="21" />
      <ModuleTime>0001-01-01T00:00:00</ModuleTime>
      <ModuleName>Scripts</ModuleName>
      <Files>
        <File uid="4" fullPath="D:/Dani/Elte/2023-24-2/Szofttech/UnityProject/MapGeneration/Assets/Model/Scripts/Bomb.cs" />
        <File uid="5" fullPath="D:/Dani/Elte/2023-24-2/Szofttech/UnityProject/MapGeneration/Assets/Model/Scripts/BombController.cs" />
        <File uid="6" fullPath="D:/Dani/Elte/2023-24-2/Szofttech/UnityProject/MapGeneration/Assets/Model/Scripts/Dropdown.cs" />
        <File uid="7" fullPath="D:/Dani/Elte/2023-24-2/Szofttech/UnityProject/MapGeneration/Assets/Model/Scripts/Extras.cs" />
        <File uid="8" fullPath="D:/Dani/Elte/2023-24-2/Szofttech/UnityProject/MapGeneration/Assets/Model/Scripts/FakeBox.cs" />
        <File uid="9" fullPath="D:/Dani/Elte/2023-24-2/Szofttech/UnityProject/MapGeneration/Assets/Model/Scripts/FakeBoxController.cs" />
        <File uid="10" fullPath="D:/Dani/Elte/2023-24-2/Szofttech/UnityProject/MapGeneration/Assets/Model/Scripts/FakeExtras.cs" />
        <File uid="11" fullPath="D:/Dani/Elte/2023-24-2/Szofttech/UnityProject/MapGeneration/Assets/Model/Scripts/FlyingMonsterScript.cs" />
        <File uid="12" fullPath="D:/Dani/Elte/2023-24-2/Szofttech/UnityProject/MapGeneration/Assets/Model/Scripts/GameManager.cs" />
        <File uid="13" fullPath="D:/Dani/Elte/2023-24-2/Szofttech/UnityProject/MapGeneration/Assets/Model/Scripts/LevelGenerator.cs" />
        <File uid="14" fullPath="D:/Dani/Elte/2023-24-2/Szofttech/UnityProject/MapGeneration/Assets/Model/Scripts/MainMenu.cs" />
        <File uid="15" fullPath="D:/Dani/Elte/2023-24-2/Szofttech/UnityProject/MapGeneration/Assets/Model/Scripts/Monster_AI3.cs" />
        <File uid="16" fullPath="D:/Dani/Elte/2023-24-2/Szofttech/UnityProject/MapGeneration/Assets/Model/Scripts/MovementSpriteRenderer.cs" />
        <File uid="17" fullPath="D:/Dani/Elte/2023-24-2/Szofttech/UnityProject/MapGeneration/Assets/Model/Scripts/NotSoSmartMonster.cs" />
        <File uid="18" fullPath="D:/Dani/Elte/2023-24-2/Szofttech/UnityProject/MapGeneration/Assets/Model/Scripts/Options.cs" />
        <File uid="19" fullPath="D:/Dani/Elte/2023-24-2/Szofttech/UnityProject/MapGeneration/Assets/Model/Scripts/Player.cs" />
        <File uid="20" fullPath="D:/Dani/Elte/2023-24-2/Szofttech/UnityProject/MapGeneration/Assets/Model/Scripts/Score.cs" />
        <File uid="21" fullPath="D:/Dani/Elte/2023-24-2/Szofttech/UnityProject/MapGeneration/Assets/Model/Scripts/SmartMonster.cs" />
      </Files>
      <Classes>
        <Class>
          <Summary numSequencePoints="51" visitedSequencePoints="28" numBranchPoints="0" visitedBranchPoints="0" sequenceCoverage="54.90" branchCoverage="0.0" maxCyclomaticComplexity="0" minCyclomaticComplexity="0" maxCrapScore="0" minCrapScore="0" visitedClasses="1" numClasses="1" visitedMethods="11" numMethods="11" />
          <FullName>Bomb</FullName>
          <Methods>
            <Method visited="true" cyclomaticComplexity="0" nPathComplexity="0" sequenceCoverage="100.0" branchCoverage="0" crapScore="0" isConstructor="false" isStatic="false" isGetter="true" isSetter="false">
              <Summary numSequencePoints="1" visitedSequencePoints="1" numBranchPoints="0" visitedBranchPoints="0" sequenceCoverage="100.0" branchCoverage="0" maxCyclomaticComplexity="0" minCyclomaticComplexity="0" maxCrapScore="0" minCrapScore="0" visitedClasses="0" numClasses="0" visitedMethods="1" numMethods="1" />
              <MetadataToken>100663297</MetadataToken>
              <Name>System.Boolean Bomb::get_IsAvailable()</Name>
              <FileRef uid="4" />
              <SequencePoints>
                <SequencePoint vc="1" uspid="1279" ordinal="0" offset="0" sl="17" sc="31" el="17" ec="31" bec="0" bev="0" fileid="4" />
              </SequencePoints>
              <BranchPoints />
            </Method>
            <Method visited="true" cyclomaticComplexity="0" nPathComplexity="0" sequenceCoverage="100.0" branchCoverage="0" crapScore="0" isConstructor="false" isStatic="false" isGetter="false" isSetter="true">
              <Summary numSequencePoints="1" visitedSequencePoints="1" numBranchPoints="0" visitedBranchPoints="0" sequenceCoverage="100.0" branchCoverage="0" maxCyclomaticComplexity="0" minCyclomaticComplexity="0" maxCrapScore="0" minCrapScore="0" visitedClasses="0" numClasses="0" visitedMethods="1" numMethods="1" />
              <MetadataToken>100663298</MetadataToken>
              <Name>System.Void Bomb::set_IsAvailable(System.Boolean)</Name>
              <FileRef uid="4" />
              <SequencePoints>
                <SequencePoint vc="4" uspid="1280" ordinal="0" offset="0" sl="17" sc="36" el="17" ec="36" bec="0" bev="0" fileid="4" />
              </SequencePoints>
              <BranchPoints />
            </Method>
            <Method visited="true" cyclomaticComplexity="0" nPathComplexity="0" sequenceCoverage="100.0" branchCoverage="0" crapScore="0" isConstructor="false" isStatic="false" isGetter="false" isSetter="false">
              <Summary numSequencePoints="4" visitedSequencePoints="4" numBranchPoints="0" visitedBranchPoints="0" sequenceCoverage="100.0" branchCoverage="0" maxCyclomaticComplexity="0" minCyclomaticComplexity="0" maxCrapScore="0" minCrapScore="0" visitedClasses="0" numClasses="0" visitedMethods="1" numMethods="1" />
              <MetadataToken>100663299</MetadataToken>
              <Name>System.Void Bomb::Update()</Name>
              <FileRef uid="4" />
              <SequencePoints>
                <SequencePoint vc="3" uspid="1281" ordinal="0" offset="0" sl="24" sc="9" el="24" ec="9" bec="0" bev="0" fileid="4" />
                <SequencePoint vc="1" uspid="1282" ordinal="0" offset="8" sl="24" sc="28" el="24" ec="28" bec="0" bev="0" fileid="4" />
                <SequencePoint vc="2" uspid="1283" ordinal="0" offset="22" sl="25" sc="14" el="25" ec="14" bec="0" bev="0" fileid="4" />
                <SequencePoint vc="2" uspid="1284" ordinal="0" offset="35" sl="27" sc="5" el="27" ec="5" bec="0" bev="0" fileid="4" />
              </SequencePoints>
              <BranchPoints />
            </Method>
            <Method visited="true" cyclomaticComplexity="0" nPathComplexity="0" sequenceCoverage="100.0" branchCoverage="0" crapScore="0" isConstructor="false" isStatic="false" isGetter="false" isSetter="false">
              <Summary numSequencePoints="1" visitedSequencePoints="1" numBranchPoints="0" visitedBranchPoints="0" sequenceCoverage="100.0" branchCoverage="0" maxCyclomaticComplexity="0" minCyclomaticComplexity="0" maxCrapScore="0" minCrapScore="0" visitedClasses="0" numClasses="0" visitedMethods="1" numMethods="1" />
              <MetadataToken>100663302</MetadataToken>
              <Name>System.Int32 Bomb::GetExplosionRadius()</Name>
              <FileRef uid="4" />
              <SequencePoints>
                <SequencePoint vc="3" uspid="1285" ordinal="0" offset="0" sl="74" sc="9" el="74" ec="9" bec="0" bev="0" fileid="4" />
              </SequencePoints>
              <BranchPoints />
            </Method>
            <Method visited="true" cyclomaticComplexity="0" nPathComplexity="0" sequenceCoverage="100.0" branchCoverage="0" crapScore="0" isConstructor="false" isStatic="false" isGetter="false" isSetter="false">
              <Summary numSequencePoints="2" visitedSequencePoints="2" numBranchPoints="0" visitedBranchPoints="0" sequenceCoverage="100.0" branchCoverage="0" maxCyclomaticComplexity="0" minCyclomaticComplexity="0" maxCrapScore="0" minCrapScore="0" visitedClasses="0" numClasses="0" visitedMethods="1" numMethods="1" />
              <MetadataToken>100663303</MetadataToken>
              <Name>System.Void Bomb::SetExplosionradius(System.Int32)</Name>
              <FileRef uid="4" />
              <SequencePoints>
                <SequencePoint vc="4" uspid="1286" ordinal="0" offset="0" sl="78" sc="9" el="78" ec="9" bec="0" bev="0" fileid="4" />
                <SequencePoint vc="4" uspid="1287" ordinal="0" offset="7" sl="79" sc="5" el="79" ec="5" bec="0" bev="0" fileid="4" />
              </SequencePoints>
              <BranchPoints />
            </Method>
            <Method visited="true" cyclomaticComplexity="0" nPathComplexity="0" sequenceCoverage="100.0" branchCoverage="0" crapScore="0" isConstructor="false" isStatic="false" isGetter="false" isSetter="false">
              <Summary numSequencePoints="2" visitedSequencePoints="2" numBranchPoints="0" visitedBranchPoints="0" sequenceCoverage="100.0" branchCoverage="0" maxCyclomaticComplexity="0" minCyclomaticComplexity="0" maxCrapScore="0" minCrapScore="0" visitedClasses="0" numClasses="0" visitedMethods="1" numMethods="1" />
              <MetadataToken>100663304</MetadataToken>
              <Name>System.Void Bomb::SetDetonatable(System.Boolean)</Name>
              <FileRef uid="4" />
              <SequencePoints>
                <SequencePoint vc="1" uspid="1288" ordinal="0" offset="0" sl="83" sc="9" el="83" ec="9" bec="0" bev="0" fileid="4" />
                <SequencePoint vc="1" uspid="1289" ordinal="0" offset="7" sl="84" sc="5" el="84" ec="5" bec="0" bev="0" fileid="4" />
              </SequencePoints>
              <BranchPoints />
            </Method>
            <Method visited="true" cyclomaticComplexity="0" nPathComplexity="0" sequenceCoverage="100.0" branchCoverage="0" crapScore="0" isConstructor="false" isStatic="false" isGetter="false" isSetter="false">
              <Summary numSequencePoints="2" visitedSequencePoints="2" numBranchPoints="0" visitedBranchPoints="0" sequenceCoverage="100.0" branchCoverage="0" maxCyclomaticComplexity="0" minCyclomaticComplexity="0" maxCrapScore="0" minCrapScore="0" visitedClasses="0" numClasses="0" visitedMethods="1" numMethods="1" />
              <MetadataToken>100663305</MetadataToken>
              <Name>System.Void Bomb::SetStartExplode(System.Boolean)</Name>
              <FileRef uid="4" />
              <SequencePoints>
                <SequencePoint vc="1" uspid="1290" ordinal="0" offset="0" sl="88" sc="9" el="88" ec="9" bec="0" bev="0" fileid="4" />
                <SequencePoint vc="1" uspid="1291" ordinal="0" offset="7" sl="89" sc="5" el="89" ec="5" bec="0" bev="0" fileid="4" />
              </SequencePoints>
              <BranchPoints />
            </Method>
            <Method visited="true" cyclomaticComplexity="0" nPathComplexity="0" sequenceCoverage="100.0" branchCoverage="0" crapScore="0" isConstructor="false" isStatic="false" isGetter="false" isSetter="false">
              <Summary numSequencePoints="5" visitedSequencePoints="5" numBranchPoints="0" visitedBranchPoints="0" sequenceCoverage="100.0" branchCoverage="0" maxCyclomaticComplexity="0" minCyclomaticComplexity="0" maxCrapScore="0" minCrapScore="0" visitedClasses="0" numClasses="0" visitedMethods="1" numMethods="1" />
              <MetadataToken>100663306</MetadataToken>
              <Name>System.Void Bomb::ExplodeAll(UnityEngine.Vector2, System.Int32)</Name>
              <FileRef uid="4" />
              <SequencePoints>
                <SequencePoint vc="1" uspid="1292" ordinal="0" offset="0" sl="93" sc="9" el="93" ec="9" bec="0" bev="0" fileid="4" />
                <SequencePoint vc="1" uspid="1293" ordinal="0" offset="13" sl="94" sc="9" el="94" ec="9" bec="0" bev="0" fileid="4" />
                <SequencePoint vc="1" uspid="1294" ordinal="0" offset="26" sl="95" sc="9" el="95" ec="9" bec="0" bev="0" fileid="4" />
                <SequencePoint vc="1" uspid="1295" ordinal="0" offset="39" sl="96" sc="9" el="96" ec="9" bec="0" bev="0" fileid="4" />
                <SequencePoint vc="1" uspid="1296" ordinal="0" offset="52" sl="98" sc="5" el="98" ec="5" bec="0" bev="0" fileid="4" />
              </SequencePoints>
              <BranchPoints />
            </Method>
            <Method visited="true" cyclomaticComplexity="0" nPathComplexity="0" sequenceCoverage="25.81" branchCoverage="0" crapScore="0" isConstructor="false" isStatic="false" isGetter="false" isSetter="false">
              <Summary numSequencePoints="31" visitedSequencePoints="8" numBranchPoints="0" visitedBranchPoints="0" sequenceCoverage="25.81" branchCoverage="0" maxCyclomaticComplexity="0" minCyclomaticComplexity="0" maxCrapScore="0" minCrapScore="0" visitedClasses="0" numClasses="0" visitedMethods="1" numMethods="1" />
              <MetadataToken>100663307</MetadataToken>
              <Name>System.Void Bomb::Explode(UnityEngine.Vector2, UnityEngine.Vector2, System.Int32)</Name>
              <FileRef uid="4" />
              <SequencePoints>
                <SequencePoint vc="8" uspid="1297" ordinal="0" offset="0" sl="102" sc="9" el="102" ec="9" bec="0" bev="0" fileid="4" />
                <SequencePoint vc="4" uspid="1298" ordinal="0" offset="4" sl="104" sc="13" el="104" ec="13" bec="0" bev="0" fileid="4" />
                <SequencePoint vc="4" uspid="1299" ordinal="0" offset="5" sl="108" sc="9" el="108" ec="9" bec="0" bev="0" fileid="4" />
                <SequencePoint vc="4" uspid="1300" ordinal="0" offset="16" sl="110" sc="9" el="110" ec="9" bec="0" bev="0" fileid="4" />
                <SequencePoint vc="0" uspid="1301" ordinal="0" offset="63" sl="112" sc="13" el="112" ec="13" bec="0" bev="0" fileid="4" />
                <SequencePoint vc="0" uspid="1302" ordinal="0" offset="70" sl="114" sc="13" el="114" ec="13" bec="0" bev="0" fileid="4" />
                <SequencePoint vc="0" uspid="1303" ordinal="0" offset="97" sl="116" sc="17" el="116" ec="17" bec="0" bev="0" fileid="4" />
                <SequencePoint vc="0" uspid="1304" ordinal="0" offset="103" sl="117" sc="17" el="117" ec="17" bec="0" bev="0" fileid="4" />
                <SequencePoint vc="0" uspid="1305" ordinal="0" offset="108" sl="118" sc="17" el="118" ec="17" bec="0" bev="0" fileid="4" />
                <SequencePoint vc="0" uspid="1306" ordinal="0" offset="130" sl="119" sc="17" el="119" ec="17" bec="0" bev="0" fileid="4" />
                <SequencePoint vc="0" uspid="1307" ordinal="0" offset="140" sl="121" sc="13" el="121" ec="13" bec="0" bev="0" fileid="4" />
                <SequencePoint vc="0" uspid="1308" ordinal="0" offset="167" sl="123" sc="17" el="123" ec="17" bec="0" bev="0" fileid="4" />
                <SequencePoint vc="0" uspid="1309" ordinal="0" offset="173" sl="124" sc="17" el="124" ec="17" bec="0" bev="0" fileid="4" />
                <SequencePoint vc="0" uspid="1310" ordinal="0" offset="178" sl="125" sc="17" el="125" ec="17" bec="0" bev="0" fileid="4" />
                <SequencePoint vc="0" uspid="1311" ordinal="0" offset="189" sl="126" sc="17" el="126" ec="17" bec="0" bev="0" fileid="4" />
                <SequencePoint vc="0" uspid="1312" ordinal="0" offset="211" sl="127" sc="17" el="127" ec="17" bec="0" bev="0" fileid="4" />
                <SequencePoint vc="0" uspid="1313" ordinal="0" offset="221" sl="129" sc="13" el="129" ec="13" bec="0" bev="0" fileid="4" />
                <SequencePoint vc="0" uspid="1314" ordinal="0" offset="260" sl="133" sc="17" el="133" ec="17" bec="0" bev="0" fileid="4" />
                <SequencePoint vc="0" uspid="1315" ordinal="0" offset="266" sl="134" sc="17" el="134" ec="17" bec="0" bev="0" fileid="4" />
                <SequencePoint vc="0" uspid="1316" ordinal="0" offset="271" sl="135" sc="17" el="135" ec="17" bec="0" bev="0" fileid="4" />
                <SequencePoint vc="0" uspid="1317" ordinal="0" offset="294" sl="136" sc="17" el="136" ec="17" bec="0" bev="0" fileid="4" />
                <SequencePoint vc="0" uspid="1318" ordinal="0" offset="316" sl="137" sc="17" el="137" ec="17" bec="0" bev="0" fileid="4" />
                <SequencePoint vc="0" uspid="1319" ordinal="0" offset="326" sl="139" sc="17" el="139" ec="17" bec="0" bev="0" fileid="4" />
                <SequencePoint vc="0" uspid="1320" ordinal="0" offset="343" sl="140" sc="17" el="140" ec="17" bec="0" bev="0" fileid="4" />
                <SequencePoint vc="0" uspid="1321" ordinal="0" offset="354" sl="142" sc="21" el="142" ec="21" bec="0" bev="0" fileid="4" />
                <SequencePoint vc="0" uspid="1322" ordinal="0" offset="378" sl="144" sc="22" el="144" ec="22" bec="0" bev="0" fileid="4" />
                <SequencePoint vc="0" uspid="1323" ordinal="0" offset="403" sl="149" sc="13" el="149" ec="13" bec="0" bev="0" fileid="4" />
                <SequencePoint vc="4" uspid="1324" ordinal="0" offset="404" sl="152" sc="9" el="152" ec="9" bec="0" bev="0" fileid="4" />
                <SequencePoint vc="4" uspid="1325" ordinal="0" offset="426" sl="153" sc="9" el="153" ec="9" bec="0" bev="0" fileid="4" />
                <SequencePoint vc="4" uspid="1326" ordinal="0" offset="436" sl="154" sc="9" el="154" ec="9" bec="0" bev="0" fileid="4" />
                <SequencePoint vc="4" uspid="1327" ordinal="0" offset="447" sl="155" sc="5" el="155" ec="5" bec="0" bev="0" fileid="4" />
              </SequencePoints>
              <BranchPoints />
            </Method>
            <Method visited="true" cyclomaticComplexity="0" nPathComplexity="0" sequenceCoverage="100.0" branchCoverage="0" crapScore="0" isConstructor="false" isStatic="false" isGetter="false" isSetter="false">
              <Summary numSequencePoints="1" visitedSequencePoints="1" numBranchPoints="0" visitedBranchPoints="0" sequenceCoverage="100.0" branchCoverage="0" maxCyclomaticComplexity="0" minCyclomaticComplexity="0" maxCrapScore="0" minCrapScore="0" visitedClasses="0" numClasses="0" visitedMethods="1" numMethods="1" />
              <MetadataToken>100663310</MetadataToken>
              <Name>System.Boolean Bomb::&lt;DetonatorExplode&gt;b__18_0()</Name>
              <FileRef uid="4" />
              <SequencePoints>
                <SequencePoint vc="1" uspid="1338" ordinal="0" offset="0" sl="56" sc="42" el="56" ec="42" bec="0" bev="0" fileid="4" />
              </SequencePoints>
              <BranchPoints />
            </Method>
            <Method visited="true" cyclomaticComplexity="0" nPathComplexity="0" sequenceCoverage="100.0" branchCoverage="0" crapScore="0" isConstructor="true" isStatic="false" isGetter="false" isSetter="false">
              <Summary numSequencePoints="1" visitedSequencePoints="1" numBranchPoints="0" visitedBranchPoints="0" sequenceCoverage="100.0" branchCoverage="0" maxCyclomaticComplexity="0" minCyclomaticComplexity="0" maxCrapScore="0" minCrapScore="0" visitedClasses="0" numClasses="0" visitedMethods="1" numMethods="1" />
              <MetadataToken>100663309</MetadataToken>
              <Name>Bomb::Bomb()</Name>
              <FileRef uid="4" />
              <SequencePoints>
                <SequencePoint vc="4" uspid="1339" ordinal="0" offset="0" sl="15" sc="5" el="15" ec="5" bec="0" bev="0" fileid="4" />
              </SequencePoints>
              <BranchPoints />
            </Method>
          </Methods>
        </Class>
        <Class>
          <Summary numSequencePoints="5" visitedSequencePoints="5" numBranchPoints="0" visitedBranchPoints="0" sequenceCoverage="100.0" branchCoverage="0.0" maxCyclomaticComplexity="0" minCyclomaticComplexity="0" maxCrapScore="0" minCrapScore="0" visitedClasses="1" numClasses="1" visitedMethods="2" numMethods="2" />
          <FullName>GameManager</FullName>
          <Methods>
            <Method visited="true" cyclomaticComplexity="0" nPathComplexity="0" sequenceCoverage="100.0" branchCoverage="0" crapScore="0" isConstructor="false" isStatic="false" isGetter="false" isSetter="false">
              <Summary numSequencePoints="4" visitedSequencePoints="4" numBranchPoints="0" visitedBranchPoints="0" sequenceCoverage="100.0" branchCoverage="0" maxCyclomaticComplexity="0" minCyclomaticComplexity="0" maxCrapScore="0" minCrapScore="0" visitedClasses="0" numClasses="0" visitedMethods="1" numMethods="1" />
              <MetadataToken>100663374</MetadataToken>
              <Name>System.Void GameManager::CheckWin()</Name>
              <FileRef uid="12" />
              <SequencePoints>
                <SequencePoint vc="1" uspid="1590" ordinal="0" offset="0" sl="74" sc="9" el="74" ec="9" bec="0" bev="0" fileid="12" />
                <SequencePoint vc="1" uspid="1591" ordinal="0" offset="8" sl="76" sc="13" el="76" ec="13" bec="0" bev="0" fileid="12" />
                <SequencePoint vc="1" uspid="1592" ordinal="0" offset="15" sl="77" sc="13" el="77" ec="13" bec="0" bev="0" fileid="12" />
                <SequencePoint vc="1" uspid="1593" ordinal="0" offset="31" sl="79" sc="5" el="79" ec="5" bec="0" bev="0" fileid="12" />
              </SequencePoints>
              <BranchPoints />
            </Method>
            <Method visited="true" cyclomaticComplexity="0" nPathComplexity="0" sequenceCoverage="100.0" branchCoverage="0" crapScore="0" isConstructor="true" isStatic="false" isGetter="false" isSetter="false">
              <Summary numSequencePoints="1" visitedSequencePoints="1" numBranchPoints="0" visitedBranchPoints="0" sequenceCoverage="100.0" branchCoverage="0" maxCyclomaticComplexity="0" minCyclomaticComplexity="0" maxCrapScore="0" minCrapScore="0" visitedClasses="0" numClasses="0" visitedMethods="1" numMethods="1" />
              <MetadataToken>100663380</MetadataToken>
              <Name>GameManager::GameManager()</Name>
              <FileRef uid="12" />
              <SequencePoints>
                <SequencePoint vc="1" uspid="1618" ordinal="0" offset="0" sl="16" sc="5" el="16" ec="5" bec="0" bev="0" fileid="12" />
              </SequencePoints>
              <BranchPoints />
            </Method>
          </Methods>
        </Class>
        <Class>
          <Summary numSequencePoints="23" visitedSequencePoints="23" numBranchPoints="0" visitedBranchPoints="0" sequenceCoverage="100.0" branchCoverage="0.0" maxCyclomaticComplexity="0" minCyclomaticComplexity="0" maxCrapScore="0" minCrapScore="0" visitedClasses="1" numClasses="1" visitedMethods="5" numMethods="5" />
          <FullName>Player</FullName>
          <Methods>
            <Method visited="true" cyclomaticComplexity="0" nPathComplexity="0" sequenceCoverage="100.0" branchCoverage="0" crapScore="0" isConstructor="false" isStatic="false" isGetter="false" isSetter="false">
              <Summary numSequencePoints="2" visitedSequencePoints="2" numBranchPoints="0" visitedBranchPoints="0" sequenceCoverage="100.0" branchCoverage="0" maxCyclomaticComplexity="0" minCyclomaticComplexity="0" maxCrapScore="0" minCrapScore="0" visitedClasses="0" numClasses="0" visitedMethods="1" numMethods="1" />
              <MetadataToken>100663427</MetadataToken>
              <Name>System.Void Player::SetInviolable()</Name>
              <FileRef uid="19" />
              <SequencePoints>
                <SequencePoint vc="1" uspid="1921" ordinal="0" offset="0" sl="42" sc="9" el="42" ec="9" bec="0" bev="0" fileid="19" />
                <SequencePoint vc="1" uspid="1922" ordinal="0" offset="7" sl="43" sc="5" el="43" ec="5" bec="0" bev="0" fileid="19" />
              </SequencePoints>
              <BranchPoints />
            </Method>
            <Method visited="true" cyclomaticComplexity="0" nPathComplexity="0" sequenceCoverage="100.0" branchCoverage="0" crapScore="0" isConstructor="false" isStatic="false" isGetter="false" isSetter="false">
              <Summary numSequencePoints="5" visitedSequencePoints="5" numBranchPoints="0" visitedBranchPoints="0" sequenceCoverage="100.0" branchCoverage="0" maxCyclomaticComplexity="0" minCyclomaticComplexity="0" maxCrapScore="0" minCrapScore="0" visitedClasses="0" numClasses="0" visitedMethods="1" numMethods="1" />
              <MetadataToken>100663438</MetadataToken>
              <Name>System.Void Player::Death()</Name>
              <FileRef uid="19" />
              <SequencePoints>
                <SequencePoint vc="1" uspid="1974" ordinal="0" offset="0" sl="177" sc="9" el="177" ec="9" bec="0" bev="0" fileid="19" />
                <SequencePoint vc="1" uspid="1975" ordinal="0" offset="7" sl="178" sc="9" el="178" ec="9" bec="0" bev="0" fileid="19" />
                <SequencePoint vc="1" uspid="1976" ordinal="0" offset="14" sl="179" sc="9" el="179" ec="9" bec="0" bev="0" fileid="19" />
                <SequencePoint vc="1" uspid="1977" ordinal="0" offset="26" sl="181" sc="9" el="181" ec="9" bec="0" bev="0" fileid="19" />
                <SequencePoint vc="1" uspid="1978" ordinal="0" offset="36" sl="184" sc="5" el="184" ec="5" bec="0" bev="0" fileid="19" />
              </SequencePoints>
              <BranchPoints />
            </Method>
            <Method visited="true" cyclomaticComplexity="0" nPathComplexity="0" sequenceCoverage="100.0" branchCoverage="0" crapScore="0" isConstructor="false" isStatic="false" isGetter="false" isSetter="false">
              <Summary numSequencePoints="4" visitedSequencePoints="4" numBranchPoints="0" visitedBranchPoints="0" sequenceCoverage="100.0" branchCoverage="0" maxCyclomaticComplexity="0" minCyclomaticComplexity="0" maxCrapScore="0" minCrapScore="0" visitedClasses="0" numClasses="0" visitedMethods="1" numMethods="1" />
              <MetadataToken>100663439</MetadataToken>
              <Name>System.Void Player::IncreaseSpeed()</Name>
              <FileRef uid="19" />
              <SequencePoints>
                <SequencePoint vc="1" uspid="1979" ordinal="0" offset="0" sl="187" sc="9" el="187" ec="9" bec="0" bev="0" fileid="19" />
                <SequencePoint vc="1" uspid="1980" ordinal="0" offset="8" sl="189" sc="13" el="189" ec="13" bec="0" bev="0" fileid="19" />
                <SequencePoint vc="1" uspid="1981" ordinal="0" offset="26" sl="190" sc="13" el="190" ec="13" bec="0" bev="0" fileid="19" />
                <SequencePoint vc="1" uspid="1982" ordinal="0" offset="33" sl="192" sc="5" el="192" ec="5" bec="0" bev="0" fileid="19" />
              </SequencePoints>
              <BranchPoints />
            </Method>
            <Method visited="true" cyclomaticComplexity="0" nPathComplexity="0" sequenceCoverage="100.0" branchCoverage="0" crapScore="0" isConstructor="false" isStatic="false" isGetter="false" isSetter="false">
              <Summary numSequencePoints="4" visitedSequencePoints="4" numBranchPoints="0" visitedBranchPoints="0" sequenceCoverage="100.0" branchCoverage="0" maxCyclomaticComplexity="0" minCyclomaticComplexity="0" maxCrapScore="0" minCrapScore="0" visitedClasses="0" numClasses="0" visitedMethods="1" numMethods="1" />
              <MetadataToken>100663440</MetadataToken>
              <Name>System.Void Player::ActivateDecreaseSpeed()</Name>
              <FileRef uid="19" />
              <SequencePoints>
                <SequencePoint vc="1" uspid="1983" ordinal="0" offset="0" sl="196" sc="9" el="196" ec="9" bec="0" bev="0" fileid="19" />
                <SequencePoint vc="1" uspid="1984" ordinal="0" offset="7" sl="197" sc="9" el="197" ec="9" bec="0" bev="0" fileid="19" />
                <SequencePoint vc="1" uspid="1985" ordinal="0" offset="25" sl="198" sc="9" el="198" ec="9" bec="0" bev="0" fileid="19" />
                <SequencePoint vc="1" uspid="1986" ordinal="0" offset="44" sl="199" sc="5" el="199" ec="5" bec="0" bev="0" fileid="19" />
              </SequencePoints>
              <BranchPoints />
            </Method>
            <Method visited="true" cyclomaticComplexity="0" nPathComplexity="0" sequenceCoverage="100.0" branchCoverage="0" crapScore="0" isConstructor="true" isStatic="false" isGetter="false" isSetter="false">
              <Summary numSequencePoints="8" visitedSequencePoints="8" numBranchPoints="0" visitedBranchPoints="0" sequenceCoverage="100.0" branchCoverage="0" maxCyclomaticComplexity="0" minCyclomaticComplexity="0" maxCrapScore="0" minCrapScore="0" visitedClasses="0" numClasses="0" visitedMethods="1" numMethods="1" />
              <MetadataToken>100663444</MetadataToken>
              <Name>Player::Player()</Name>
              <FileRef uid="19" />
              <SequencePoints>
                <SequencePoint vc="4" uspid="1991" ordinal="0" offset="0" sl="7" sc="5" el="7" ec="5" bec="0" bev="0" fileid="19" />
                <SequencePoint vc="4" uspid="1992" ordinal="0" offset="11" sl="8" sc="5" el="8" ec="5" bec="0" bev="0" fileid="19" />
                <SequencePoint vc="4" uspid="1993" ordinal="0" offset="18" sl="13" sc="5" el="13" ec="5" bec="0" bev="0" fileid="19" />
                <SequencePoint vc="4" uspid="1994" ordinal="0" offset="25" sl="15" sc="5" el="15" ec="5" bec="0" bev="0" fileid="19" />
                <SequencePoint vc="4" uspid="1995" ordinal="0" offset="33" sl="16" sc="5" el="16" ec="5" bec="0" bev="0" fileid="19" />
                <SequencePoint vc="4" uspid="1996" ordinal="0" offset="41" sl="17" sc="5" el="17" ec="5" bec="0" bev="0" fileid="19" />
                <SequencePoint vc="4" uspid="1997" ordinal="0" offset="49" sl="18" sc="5" el="18" ec="5" bec="0" bev="0" fileid="19" />
                <SequencePoint vc="4" uspid="1998" ordinal="0" offset="57" sl="20" sc="5" el="20" ec="5" bec="0" bev="0" fileid="19" />
              </SequencePoints>
              <BranchPoints />
            </Method>
          </Methods>
        </Class>
        <Class>
          <Summary numSequencePoints="11" visitedSequencePoints="11" numBranchPoints="0" visitedBranchPoints="0" sequenceCoverage="100.0" branchCoverage="0.0" maxCyclomaticComplexity="0" minCyclomaticComplexity="0" maxCrapScore="0" minCrapScore="0" visitedClasses="1" numClasses="1" visitedMethods="1" numMethods="1" />
          <FullName>Bomb/&lt;DetonatorExplode&gt;d__18</FullName>
          <Methods>
            <Method visited="true" cyclomaticComplexity="0" nPathComplexity="0" sequenceCoverage="100.0" branchCoverage="0" crapScore="0" isConstructor="false" isStatic="false" isGetter="false" isSetter="false">
              <Summary numSequencePoints="11" visitedSequencePoints="11" numBranchPoints="0" visitedBranchPoints="0" sequenceCoverage="100.0" branchCoverage="0" maxCyclomaticComplexity="0" minCyclomaticComplexity="0" maxCrapScore="0" minCrapScore="0" visitedClasses="0" numClasses="0" visitedMethods="1" numMethods="1" />
              <MetadataToken>100663463</MetadataToken>
              <Name>System.Boolean Bomb/&lt;DetonatorExplode&gt;d__18::MoveNext()</Name>
              <FileRef uid="4" />
              <SequencePoints>
                <SequencePoint vc="1" uspid="2095" ordinal="0" offset="30" sl="55" sc="9" el="55" ec="9" bec="0" bev="0" fileid="4" />
                <SequencePoint vc="1" uspid="2096" ordinal="0" offset="37" sl="56" sc="9" el="56" ec="9" bec="0" bev="0" fileid="4" />
                <SequencePoint vc="1" uspid="2097" ordinal="0" offset="76" sl="57" sc="9" el="57" ec="9" bec="0" bev="0" fileid="4" />
                <SequencePoint vc="1" uspid="2098" ordinal="0" offset="93" sl="58" sc="9" el="58" ec="9" bec="0" bev="0" fileid="4" />
                <SequencePoint vc="1" uspid="2099" ordinal="0" offset="111" sl="59" sc="9" el="59" ec="9" bec="0" bev="0" fileid="4" />
                <SequencePoint vc="1" uspid="2100" ordinal="0" offset="129" sl="61" sc="9" el="61" ec="9" bec="0" bev="0" fileid="4" />
                <SequencePoint vc="1" uspid="2101" ordinal="0" offset="151" sl="63" sc="9" el="63" ec="9" bec="0" bev="0" fileid="4" />
                <SequencePoint vc="1" uspid="2102" ordinal="0" offset="161" sl="65" sc="9" el="65" ec="9" bec="0" bev="0" fileid="4" />
                <SequencePoint vc="1" uspid="2103" ordinal="0" offset="174" sl="66" sc="9" el="66" ec="9" bec="0" bev="0" fileid="4" />
                <SequencePoint vc="1" uspid="2104" ordinal="0" offset="181" sl="67" sc="9" el="67" ec="9" bec="0" bev="0" fileid="4" />
                <SequencePoint vc="1" uspid="2105" ordinal="0" offset="192" sl="70" sc="5" el="70" ec="5" bec="0" bev="0" fileid="4" />
              </SequencePoints>
              <BranchPoints />
            </Method>
          </Methods>
        </Class>
        <Class>
          <Summary numSequencePoints="11" visitedSequencePoints="5" numBranchPoints="0" visitedBranchPoints="0" sequenceCoverage="45.45" branchCoverage="0.0" maxCyclomaticComplexity="0" minCyclomaticComplexity="0" maxCrapScore="0" minCrapScore="0" visitedClasses="1" numClasses="1" visitedMethods="1" numMethods="1" />
          <FullName>Bomb/&lt;Ex&gt;d__17</FullName>
          <Methods>
            <Method visited="true" cyclomaticComplexity="0" nPathComplexity="0" sequenceCoverage="45.45" branchCoverage="0" crapScore="0" isConstructor="false" isStatic="false" isGetter="false" isSetter="false">
              <Summary numSequencePoints="11" visitedSequencePoints="5" numBranchPoints="0" visitedBranchPoints="0" sequenceCoverage="45.45" branchCoverage="0" maxCyclomaticComplexity="0" minCyclomaticComplexity="0" maxCrapScore="0" minCrapScore="0" visitedClasses="0" numClasses="0" visitedMethods="1" numMethods="1" />
              <MetadataToken>100663469</MetadataToken>
              <Name>System.Boolean Bomb/&lt;Ex&gt;d__17::MoveNext()</Name>
              <FileRef uid="4" />
              <SequencePoints>
                <SequencePoint vc="2" uspid="2106" ordinal="0" offset="30" sl="33" sc="9" el="33" ec="9" bec="0" bev="0" fileid="4" />
                <SequencePoint vc="2" uspid="2107" ordinal="0" offset="37" sl="34" sc="9" el="34" ec="9" bec="0" bev="0" fileid="4" />
                <SequencePoint vc="2" uspid="2108" ordinal="0" offset="59" sl="35" sc="9" el="35" ec="9" bec="0" bev="0" fileid="4" />
                <SequencePoint vc="2" uspid="2109" ordinal="0" offset="86" sl="36" sc="9" el="36" ec="9" bec="0" bev="0" fileid="4" />
                <SequencePoint vc="2" uspid="2110" ordinal="0" offset="113" sl="40" sc="9" el="40" ec="9" bec="0" bev="0" fileid="4" />
                <SequencePoint vc="0" uspid="2111" ordinal="0" offset="146" sl="42" sc="9" el="42" ec="9" bec="0" bev="0" fileid="4" />
                <SequencePoint vc="0" uspid="2112" ordinal="0" offset="173" sl="44" sc="9" el="44" ec="9" bec="0" bev="0" fileid="4" />
                <SequencePoint vc="0" uspid="2113" ordinal="0" offset="183" sl="46" sc="9" el="46" ec="9" bec="0" bev="0" fileid="4" />
                <SequencePoint vc="0" uspid="2114" ordinal="0" offset="201" sl="47" sc="9" el="47" ec="9" bec="0" bev="0" fileid="4" />
                <SequencePoint vc="0" uspid="2115" ordinal="0" offset="208" sl="48" sc="9" el="48" ec="9" bec="0" bev="0" fileid="4" />
                <SequencePoint vc="0" uspid="2116" ordinal="0" offset="219" sl="51" sc="5" el="51" ec="5" bec="0" bev="0" fileid="4" />
              </SequencePoints>
              <BranchPoints />
            </Method>
          </Methods>
        </Class>
        <Class>
          <Summary numSequencePoints="3" visitedSequencePoints="1" numBranchPoints="0" visitedBranchPoints="0" sequenceCoverage="33.33" branchCoverage="0.0" maxCyclomaticComplexity="0" minCyclomaticComplexity="0" maxCrapScore="0" minCrapScore="0" visitedClasses="1" numClasses="1" visitedMethods="1" numMethods="1" />
          <FullName>Player/&lt;DeactivateDecreaseSpeed&gt;d__33</FullName>
          <Methods>
            <Method visited="true" cyclomaticComplexity="0" nPathComplexity="0" sequenceCoverage="33.33" branchCoverage="0" crapScore="0" isConstructor="false" isStatic="false" isGetter="false" isSetter="false">
              <Summary numSequencePoints="3" visitedSequencePoints="1" numBranchPoints="0" visitedBranchPoints="0" sequenceCoverage="33.33" branchCoverage="0" maxCyclomaticComplexity="0" minCyclomaticComplexity="0" maxCrapScore="0" minCrapScore="0" visitedClasses="0" numClasses="0" visitedMethods="1" numMethods="1" />
              <MetadataToken>100663510</MetadataToken>
              <Name>System.Boolean Player/&lt;DeactivateDecreaseSpeed&gt;d__33::MoveNext()</Name>
              <FileRef uid="19" />
              <SequencePoints>
                <SequencePoint vc="1" uspid="2166" ordinal="0" offset="30" sl="203" sc="9" el="203" ec="9" bec="0" bev="0" fileid="19" />
                <SequencePoint vc="0" uspid="2167" ordinal="0" offset="63" sl="204" sc="9" el="204" ec="9" bec="0" bev="0" fileid="19" />
                <SequencePoint vc="0" uspid="2168" ordinal="0" offset="75" sl="205" sc="5" el="205" ec="5" bec="0" bev="0" fileid="19" />
              </SequencePoints>
              <BranchPoints />
            </Method>
          </Methods>
        </Class>
      </Classes>
    </Module>
  </Modules>
</CoverageSession>